GameProject1/joystickView_sample/build/intermediates/manifest_merge_blame_file/release/manifest-merger-blame-release-report.txt
1<?xml version="1.0" encoding="utf-8"?>
2<manifest xmlns:android="http://schemas.android.com/apk/res/android"
3    package="com.zerokol.views.joystickView"
4    android:versionCode="4"
5    android:versionName="3.0" >
6
7    <uses-sdk
8        android:minSdkVersion="14"
8-->src\main\AndroidManifest.xml
9        android:targetSdkVersion="28" />
9-->src\main\AndroidManifest.xml
10
11    <application />
11-->src\main\AndroidManifest.xml:4:5-20
12
13</manifest>